TN:
SF:src\controllers\listController.ts
FN:1,(anonymous_7)
FN:1,(anonymous_8)
FN:16,(anonymous_9)
FN:16,(anonymous_10)
FN:39,(anonymous_11)
FN:39,(anonymous_12)
FN:60,(anonymous_13)
FN:60,(anonymous_14)
FN:71,(anonymous_15)
FN:71,(anonymous_16)
FNF:10
FNH:10
FNDA:12,(anonymous_7)
FNDA:12,(anonymous_8)
FNDA:14,(anonymous_9)
FNDA:14,(anonymous_10)
FNDA:10,(anonymous_11)
FNDA:10,(anonymous_12)
FNDA:6,(anonymous_13)
FNDA:6,(anonymous_14)
FNDA:21,(anonymous_15)
FNDA:21,(anonymous_16)
DA:1,12
DA:2,12
DA:3,12
DA:5,12
DA:6,12
DA:7,10
DA:8,4
DA:10,6
DA:11,5
DA:13,3
DA:16,14
DA:17,14
DA:18,14
DA:19,14
DA:21,14
DA:22,14
DA:23,13
DA:24,4
DA:26,9
DA:27,3
DA:29,6
DA:34,5
DA:36,2
DA:39,10
DA:40,10
DA:41,10
DA:43,10
DA:44,10
DA:45,9
DA:46,4
DA:48,5
DA:50,1
DA:54,2
DA:58,2
DA:60,6
DA:61,6
DA:63,6
DA:64,6
DA:65,5
DA:67,1
DA:71,21
DA:72,21
DA:73,21
DA:74,21
DA:75,6
DA:79,15
DA:80,15
DA:85,13
DA:87,2
LF:49
LH:49
BRDA:5,0,0,12
BRDA:5,0,1,3
BRDA:5,0,2,2
BRDA:5,1,0,2
BRDA:5,1,1,10
BRDA:5,2,0,12
BRDA:5,2,1,12
BRDA:7,3,0,4
BRDA:7,3,1,6
BRDA:7,4,0,10
BRDA:7,4,1,8
BRDA:21,5,0,14
BRDA:21,5,1,3
BRDA:21,5,2,2
BRDA:21,6,0,2
BRDA:21,6,1,12
BRDA:21,7,0,14
BRDA:21,7,1,14
BRDA:23,8,0,4
BRDA:23,8,1,9
BRDA:23,9,0,13
BRDA:23,9,1,11
BRDA:26,10,0,3
BRDA:26,10,1,6
BRDA:43,11,0,10
BRDA:43,11,1,4
BRDA:43,11,2,3
BRDA:43,12,0,3
BRDA:43,12,1,7
BRDA:43,13,0,10
BRDA:43,13,1,10
BRDA:45,14,0,4
BRDA:45,14,1,5
BRDA:45,15,0,9
BRDA:45,15,1,7
BRDA:63,16,0,6
BRDA:63,16,1,4
BRDA:63,16,2,3
BRDA:63,17,0,3
BRDA:63,17,1,3
BRDA:63,18,0,6
BRDA:63,18,1,6
BRDA:74,19,0,6
BRDA:74,19,1,15
BRDA:79,20,0,15
BRDA:79,20,1,9
BRDA:79,20,2,6
BRDA:79,21,0,5
BRDA:79,21,1,10
BRDA:79,22,0,15
BRDA:79,22,1,15
BRF:51
BRH:51
end_of_record
TN:
SF:src\middlewares\authMiddleware.ts
FN:4,authMiddleware
FNF:1
FNH:1
FNDA:43,authMiddleware
DA:2,2
DA:4,2
DA:5,43
DA:6,43
DA:7,7
DA:9,36
DA:10,5
DA:12,31
DA:13,31
DA:14,31
DA:15,31
DA:16,23
DA:17,23
DA:19,8
LF:14
LH:14
BRDA:6,0,0,7
BRDA:6,0,1,36
BRDA:9,1,0,5
BRDA:9,1,1,31
BRDA:14,2,0,31
BRDA:14,2,1,7
BRF:6
BRH:6
end_of_record
TN:
SF:src\repositories\InMemoryListRepository.ts
FN:5,(anonymous_7)
FN:8,(anonymous_8)
FN:20,(anonymous_10)
FN:21,(anonymous_12)
FN:24,(anonymous_13)
FN:25,(anonymous_15)
FN:28,(anonymous_16)
FN:29,(anonymous_18)
FN:35,(anonymous_19)
FN:36,(anonymous_21)
FNF:10
FNH:10
FNDA:20,(anonymous_7)
FNDA:17,(anonymous_8)
FNDA:6,(anonymous_10)
FNDA:8,(anonymous_12)
FNDA:19,(anonymous_13)
FNDA:24,(anonymous_15)
FNDA:4,(anonymous_16)
FNDA:3,(anonymous_18)
FNDA:7,(anonymous_19)
FNDA:6,(anonymous_21)
DA:3,2
DA:5,2
DA:6,20
DA:9,17
DA:10,17
DA:16,17
DA:17,17
DA:21,8
DA:25,24
DA:29,4
DA:30,4
DA:31,3
DA:32,3
DA:36,7
LF:14
LH:14
BRDA:25,0,0,19
BRDA:25,0,1,8
BRDA:30,1,0,1
BRDA:30,1,1,3
BRF:4
BRH:4
end_of_record
TN:
SF:src\repositories\InMemoryUserRepository.ts
FN:6,(anonymous_7)
FN:9,(anonymous_8)
FN:10,(anonymous_10)
FN:13,(anonymous_11)
FN:14,(anonymous_13)
FN:17,(anonymous_14)
FN:24,(anonymous_16)
FNF:7
FNH:7
FNDA:19,(anonymous_7)
FNDA:36,(anonymous_8)
FNDA:73,(anonymous_10)
FNDA:5,(anonymous_11)
FNDA:1,(anonymous_13)
FNDA:23,(anonymous_14)
FNDA:4,(anonymous_16)
DA:4,4
DA:6,4
DA:7,19
DA:10,73
DA:14,5
DA:18,23
DA:19,23
DA:20,23
DA:25,4
LF:9
LH:9
BRF:0
BRH:0
end_of_record
TN:
SF:src\repositories\SqlUserRepository.ts
FN:6,(anonymous_7)
FN:8,(anonymous_8)
FN:13,(anonymous_10)
FN:18,(anonymous_12)
FNF:4
FNH:0
FNDA:0,(anonymous_7)
FNDA:0,(anonymous_8)
FNDA:0,(anonymous_10)
FNDA:0,(anonymous_12)
DA:5,0
DA:6,0
DA:9,0
DA:10,0
DA:14,0
DA:15,0
DA:19,0
DA:23,0
LF:8
LH:0
BRF:0
BRH:0
end_of_record
TN:
SF:src\routes\auth.ts
FN:56,(anonymous_17)
FN:63,(anonymous_18)
FN:63,(anonymous_19)
FN:127,(anonymous_20)
FN:127,(anonymous_21)
FNF:5
FNH:5
FNDA:2,(anonymous_17)
FNDA:25,(anonymous_18)
FNDA:25,(anonymous_19)
FNDA:23,(anonymous_20)
FNDA:23,(anonymous_21)
DA:39,3
DA:41,3
DA:44,3
DA:45,3
DA:46,3
DA:48,3
DA:50,3
DA:54,3
DA:56,3
DA:57,2
DA:58,2
DA:63,25
DA:92,25
DA:95,25
DA:96,11
DA:98,14
DA:99,1
DA:103,13
DA:104,13
DA:105,1
DA:109,12
DA:112,12
DA:115,12
DA:116,12
DA:118,12
DA:127,23
DA:128,23
DA:131,23
DA:132,10
DA:136,13
DA:137,13
DA:138,4
DA:142,9
DA:143,9
DA:144,5
DA:148,4
DA:149,4
DA:151,4
DA:158,3
LF:39
LH:39
BRDA:95,0,0,11
BRDA:95,0,1,14
BRDA:95,1,0,25
BRDA:95,1,1,20
BRDA:95,1,2,17
BRDA:98,2,0,1
BRDA:98,2,1,13
BRDA:104,3,0,1
BRDA:104,3,1,12
BRDA:115,4,0,12
BRDA:115,4,1,0
BRDA:131,5,0,10
BRDA:131,5,1,13
BRDA:131,6,0,23
BRDA:131,6,1,17
BRDA:137,7,0,4
BRDA:137,7,1,9
BRDA:143,8,0,5
BRDA:143,8,1,4
BRDA:148,9,0,4
BRDA:148,9,1,0
BRF:21
BRH:19
end_of_record
TN:
SF:src\routes\list.ts
FNF:0
FNH:0
DA:1,1
DA:9,1
DA:10,1
DA:13,1
DA:45,1
DA:60,1
DA:84,1
DA:123,1
DA:147,1
DA:149,1
LF:10
LH:10
BRF:0
BRH:0
end_of_record
